=> set cuda device = 0
=> creating model: bert
=> model params: 335174458
=> done restoring from previous checkpoint
Test: [   0/1000]       Time  4.613 ( 4.613)
295602688
Test: [  10/1000]       Time  3.204 ( 2.642)
295602688
Test: [  20/1000]       Time  2.161 ( 2.456)
295602688
Test: [  30/1000]       Time  2.565 ( 2.424)
295602688
Test: [  40/1000]       Time  2.535 ( 2.393)
295602688
Test: [  50/1000]       Time  2.314 ( 2.384)
295602688
Test: [  60/1000]       Time  2.045 ( 2.334)
295602688
Test: [  70/1000]       Time  2.022 ( 2.290)
295602688
Test: [  80/1000]       Time  2.037 ( 2.259)
295602688
Test: [  90/1000]       Time  2.025 ( 2.234)
295602688
Test: [ 100/1000]       Time  2.137 ( 2.216)
295602688
Test: [ 110/1000]       Time  2.092 ( 2.200)
295602688
Test: [ 120/1000]       Time  2.100 ( 2.190)
295602688
Test: [ 130/1000]       Time  2.022 ( 2.180)
295602688
Test: [ 140/1000]       Time  2.020 ( 2.173)
295602688
Test: [ 150/1000]       Time  2.020 ( 2.164)
295602688